<?xml version="1.0" encoding="UTF-8"?>
<robot generator="Robot 6.0.2 (Python 3.10.4 on linux)" generated="20230203 15:06:31.130" rpa="false" schemaversion="3">
<suite id="s1" name="Pharmaliv" source="/home/kali/Projet-Devops/dev_dreamteam/pharmaliv.robot">
<kw name="!SuiteSetup" type="SETUP">
<kw name="Open Browser" library="Selenium2Library">
<arg>about:blank</arg>
<arg>ff</arg>
<arg>--headless</arg>
<doc>Opens a new browser instance to the optional ``url``.</doc>
<msg timestamp="20230203 15:06:31.287" level="INFO">Opening browser 'ff' to base url 'about:blank'.</msg>
<msg timestamp="20230203 15:06:31.287" level="INFO">Firefox driver log is always forced to to: /home/kali/Projet-Devops/dev_dreamteam/geckodriver-1.log</msg>
<status status="PASS" starttime="20230203 15:06:31.287" endtime="20230203 15:06:33.436"/>
</kw>
<kw name="Sleep" library="BuiltIn">
<arg>2s</arg>
<doc>Pauses the test executed for the given time.</doc>
<msg timestamp="20230203 15:06:35.436" level="INFO">Slept 2 seconds</msg>
<status status="PASS" starttime="20230203 15:06:33.436" endtime="20230203 15:06:35.436"/>
</kw>
<status status="PASS" starttime="20230203 15:06:31.286" endtime="20230203 15:06:35.437"/>
</kw>
<test id="s1-t1" name="Parcours1" line="20">
<kw name="Go To" library="Selenium2Library">
<arg>${URL}</arg>
<doc>Navigates the current browser window to the provided ``url``.</doc>
<msg timestamp="20230203 15:06:35.438" level="INFO">Opening url 'http://localhost:8000'</msg>
<msg timestamp="20230203 15:06:35.589" level="INFO" html="true">&lt;/td&gt;&lt;/tr&gt;&lt;tr&gt;&lt;td colspan="3"&gt;&lt;a href="selenium-screenshot-1.png"&gt;&lt;img src="selenium-screenshot-1.png" width="800px"&gt;&lt;/a&gt;</msg>
<msg timestamp="20230203 15:06:35.589" level="FAIL">WebDriverException: Message: Reached error page: about:neterror?e=connectionFailure&amp;u=http%3A//localhost%3A8000/&amp;c=UTF-8&amp;d=Firefox%20can%E2%80%99t%20establish%20a%20connection%20to%20the%20server%20at%20localhost%3A8000.
Stacktrace:
WebDriverError@chrome://remote/content/shared/webdriver/Errors.jsm:181:5
UnknownError@chrome://remote/content/shared/webdriver/Errors.jsm:488:5
checkReadyState@chrome://remote/content/marionette/navigate.js:64:24
onNavigation@chrome://remote/content/marionette/navigate.js:312:39
emit@resource://gre/modules/EventEmitter.jsm:160:20
receiveMessage@chrome://remote/content/marionette/actors/MarionetteEventsParent.jsm:42:25
</msg>
<status status="FAIL" starttime="20230203 15:06:35.438" endtime="20230203 15:06:35.592"/>
</kw>
<kw name="Wait Until Page Contains" library="Selenium2Library">
<arg>Se connecter</arg>
<arg>timeout=10</arg>
<doc>Waits until ``text`` appears on the current page.</doc>
<status status="NOT RUN" starttime="20230203 15:06:35.592" endtime="20230203 15:06:35.592"/>
</kw>
<kw name="Maximize Browser Window" library="Selenium2Library">
<doc>Maximizes current browser window.</doc>
<status status="NOT RUN" starttime="20230203 15:06:35.592" endtime="20230203 15:06:35.592"/>
</kw>
<kw name="Click Element" library="Selenium2Library">
<arg>xpath: //*[@id="lsins"]</arg>
<doc>Click the element identified by ``locator``.</doc>
<status status="NOT RUN" starttime="20230203 15:06:35.593" endtime="20230203 15:06:35.593"/>
</kw>
<kw name="Sleep" library="BuiltIn">
<arg>5s</arg>
<doc>Pauses the test executed for the given time.</doc>
<status status="NOT RUN" starttime="20230203 15:06:35.593" endtime="20230203 15:06:35.593"/>
</kw>
<kw name="Click Element" library="Selenium2Library">
<arg>xpath: /html/body/div[2]/div[2]/form/div/input[1]</arg>
<doc>Click the element identified by ``locator``.</doc>
<status status="NOT RUN" starttime="20230203 15:06:35.593" endtime="20230203 15:06:35.593"/>
</kw>
<kw name="Sleep" library="BuiltIn">
<arg>1s</arg>
<doc>Pauses the test executed for the given time.</doc>
<status status="NOT RUN" starttime="20230203 15:06:35.593" endtime="20230203 15:06:35.593"/>
</kw>
<kw name="Click Element" library="Selenium2Library">
<arg>xpath: //*[@id="suiv"]</arg>
<doc>Click the element identified by ``locator``.</doc>
<status status="NOT RUN" starttime="20230203 15:06:35.593" endtime="20230203 15:06:35.593"/>
</kw>
<kw name="Click Element" library="Selenium2Library">
<arg>xpath: /html/body/div[2]/div[2]/div/form/div/input[1]</arg>
<doc>Click the element identified by ``locator``.</doc>
<status status="NOT RUN" starttime="20230203 15:06:35.593" endtime="20230203 15:06:35.593"/>
</kw>
<kw name="Input Text" library="Selenium2Library">
<arg>xpath: /html/body/div[2]/div[2]/div/form/div/input[1]</arg>
<arg>sss</arg>
<doc>Types the given ``text`` into the text field identified by ``locator``.</doc>
<status status="NOT RUN" starttime="20230203 15:06:35.594" endtime="20230203 15:06:35.594"/>
</kw>
<kw name="Sleep" library="BuiltIn">
<arg>2s</arg>
<doc>Pauses the test executed for the given time.</doc>
<status status="NOT RUN" starttime="20230203 15:06:35.594" endtime="20230203 15:06:35.594"/>
</kw>
<kw name="Click Element" library="Selenium2Library">
<arg>xpath: /html/body/div[2]/div[2]/div/form/div/input[2]</arg>
<doc>Click the element identified by ``locator``.</doc>
<status status="NOT RUN" starttime="20230203 15:06:35.594" endtime="20230203 15:06:35.594"/>
</kw>
<kw name="Input Text" library="Selenium2Library">
<arg>xpath: /html/body/div[2]/div[2]/div/form/div/input[2]</arg>
<arg>sss</arg>
<doc>Types the given ``text`` into the text field identified by ``locator``.</doc>
<status status="NOT RUN" starttime="20230203 15:06:35.594" endtime="20230203 15:06:35.594"/>
</kw>
<kw name="Click Element" library="Selenium2Library">
<arg>xpath: /html/body/div[2]/div[2]/div/form/div/input[3]</arg>
<doc>Click the element identified by ``locator``.</doc>
<status status="NOT RUN" starttime="20230203 15:06:35.594" endtime="20230203 15:06:35.594"/>
</kw>
<kw name="Sleep" library="BuiltIn">
<arg>30s</arg>
<doc>Pauses the test executed for the given time.</doc>
<status status="NOT RUN" starttime="20230203 15:06:35.594" endtime="20230203 15:06:35.594"/>
</kw>
<kw name="Close Browser" library="Selenium2Library">
<doc>Closes the current browser.</doc>
<status status="NOT RUN" starttime="20230203 15:06:35.594" endtime="20230203 15:06:35.594"/>
</kw>
<status status="FAIL" starttime="20230203 15:06:35.437" endtime="20230203 15:06:35.594">WebDriverException: Message: Reached error page: about:neterror?e=connectionFailure&amp;u=http%3A//localhost%3A8000/&amp;c=UTF-8&amp;d=Firefox%20can%E2%80%99t%20establish%20a%20connection%20to%20the%20server%20at%20localhost%3A8000.
Stacktrace:
WebDriverError@chrome://remote/content/shared/webdriver/Errors.jsm:181:5
UnknownError@chrome://remote/content/shared/webdriver/Errors.jsm:488:5
checkReadyState@chrome://remote/content/marionette/navigate.js:64:24
onNavigation@chrome://remote/content/marionette/navigate.js:312:39
emit@resource://gre/modules/EventEmitter.jsm:160:20
receiveMessage@chrome://remote/content/marionette/actors/MarionetteEventsParent.jsm:42:25
</status>
</test>
<kw name="!SuiteTeardown" type="TEARDOWN">
<kw name="Close All Browsers" library="Selenium2Library">
<doc>Closes all open browsers and resets the browser cache.</doc>
<status status="PASS" starttime="20230203 15:06:35.595" endtime="20230203 15:06:35.967"/>
</kw>
<status status="PASS" starttime="20230203 15:06:35.595" endtime="20230203 15:06:35.968"/>
</kw>
<doc>Test&amp; documentation</doc>
<status status="FAIL" starttime="20230203 15:06:31.130" endtime="20230203 15:06:35.968"/>
</suite>
<statistics>
<total>
<stat pass="0" fail="1" skip="0">All Tests</stat>
</total>
<tag>
</tag>
<suite>
<stat pass="0" fail="1" skip="0" id="s1" name="Pharmaliv">Pharmaliv</stat>
</suite>
</statistics>
<errors>
</errors>
</robot>
